Determining if the pthread_create exist failed with the following output:
Change Dir: /media/nlk/D/share/code/slam/激光SLAM/2D/cartographer-latest/ceres-solver/build/CMakeFiles/CMakeTmp

Run Build Command:"/usr/bin/make" "cmTC_2fc95/fast"
/usr/bin/make -f CMakeFiles/cmTC_2fc95.dir/build.make CMakeFiles/cmTC_2fc95.dir/build
make[1]: 进入目录“/media/nlk/D/share/code/slam/激光SLAM/2D/cartographer-latest/ceres-solver/build/CMakeFiles/CMakeTmp”
Building C object CMakeFiles/cmTC_2fc95.dir/CheckSymbolExists.c.o
/usr/bin/cc    -o CMakeFiles/cmTC_2fc95.dir/CheckSymbolExists.c.o   -c /media/nlk/D/share/code/slam/激光SLAM/2D/cartographer-latest/ceres-solver/build/CMakeFiles/CMakeTmp/CheckSymbolExists.c
Linking C executable cmTC_2fc95
/usr/bin/cmake -E cmake_link_script CMakeFiles/cmTC_2fc95.dir/link.txt --verbose=1
/usr/bin/cc      -rdynamic CMakeFiles/cmTC_2fc95.dir/CheckSymbolExists.c.o  -o cmTC_2fc95 
CMakeFiles/cmTC_2fc95.dir/CheckSymbolExists.c.o：在函数‘main’中：
CheckSymbolExists.c:(.text+0x1b)：对‘pthread_create’未定义的引用
collect2: error: ld returned 1 exit status
CMakeFiles/cmTC_2fc95.dir/build.make:97: recipe for target 'cmTC_2fc95' failed
make[1]: *** [cmTC_2fc95] Error 1
make[1]: 离开目录“/media/nlk/D/share/code/slam/激光SLAM/2D/cartographer-latest/ceres-solver/build/CMakeFiles/CMakeTmp”
Makefile:126: recipe for target 'cmTC_2fc95/fast' failed
make: *** [cmTC_2fc95/fast] Error 2

File /media/nlk/D/share/code/slam/激光SLAM/2D/cartographer-latest/ceres-solver/build/CMakeFiles/CMakeTmp/CheckSymbolExists.c:
/* */
#include <pthread.h>

int main(int argc, char** argv)
{
  (void)argv;
#ifndef pthread_create
  return ((int*)(&pthread_create))[argc];
#else
  (void)argc;
  return 0;
#endif
}

Determining if the function pthread_create exists in the pthreads failed with the following output:
Change Dir: /media/nlk/D/share/code/slam/激光SLAM/2D/cartographer-latest/ceres-solver/build/CMakeFiles/CMakeTmp

Run Build Command:"/usr/bin/make" "cmTC_7b765/fast"
/usr/bin/make -f CMakeFiles/cmTC_7b765.dir/build.make CMakeFiles/cmTC_7b765.dir/build
make[1]: 进入目录“/media/nlk/D/share/code/slam/激光SLAM/2D/cartographer-latest/ceres-solver/build/CMakeFiles/CMakeTmp”
Building C object CMakeFiles/cmTC_7b765.dir/CheckFunctionExists.c.o
/usr/bin/cc   -DCHECK_FUNCTION_EXISTS=pthread_create   -o CMakeFiles/cmTC_7b765.dir/CheckFunctionExists.c.o   -c /usr/share/cmake-3.10/Modules/CheckFunctionExists.c
Linking C executable cmTC_7b765
/usr/bin/cmake -E cmake_link_script CMakeFiles/cmTC_7b765.dir/link.txt --verbose=1
/usr/bin/cc  -DCHECK_FUNCTION_EXISTS=pthread_create    -rdynamic CMakeFiles/cmTC_7b765.dir/CheckFunctionExists.c.o  -o cmTC_7b765 -lpthreads 
/usr/bin/ld: 找不到 -lpthreads
collect2: error: ld returned 1 exit status
CMakeFiles/cmTC_7b765.dir/build.make:97: recipe for target 'cmTC_7b765' failed
make[1]: *** [cmTC_7b765] Error 1
make[1]: 离开目录“/media/nlk/D/share/code/slam/激光SLAM/2D/cartographer-latest/ceres-solver/build/CMakeFiles/CMakeTmp”
Makefile:126: recipe for target 'cmTC_7b765/fast' failed
make: *** [cmTC_7b765/fast] Error 2


